2024-10-01 10:00:00 [info] Application started
2024-10-01 10:01:00 [debug] Debugging application
2024-10-01 10:02:00 [warning] Low disk space
2024-10-01 10:03:00 [error] Unable to connect to database
2024-10-01 10:04:00 [info] User logged in
2024-10-01 10:05:00 [debug] User session created
2024-10-01 10:06:00 [warning] High memory usage
2024-10-01 10:07:00 [error] File not found
2024-10-01 10:08:00 [info] Application stopped
2024-10-01 10:09:00 [debug] Starting data processing
2024-10-01 10:10:00 [info] Data processing completed successfully
2024-10-01 10:11:00 [warning] Potential data inconsistency detected
2024-10-01 10:12:00 [error] Failed to send notification email
2024-10-01 10:13:00 [info] User logged out
2024-10-01 10:14:00 [debug] Session terminated
2024-10-01 10:15:00 [warning] API rate limit approaching
2024-10-01 10:16:00 [error] Database connection lost
2024-10-01 10:17:00 [info] Application restarted
2024-10-01 10:18:00 [debug] Loaded configuration settings
2024-10-01 10:19:00 [warning] Deprecated API endpoint accessed
2024-10-01 10:20:00 [error] User authentication failed
2024-10-01 10:21:00 [info] User registered successfully
2024-10-01 10:22:00 [debug] User profile updated
2024-10-01 10:23:00 [warning] Unusual login attempt detected
2024-10-01 10:24:00 [error] Unable to retrieve user data
2024-10-01 10:25:00 [info] Scheduled task executed
2024-10-01 10:26:00 [debug] Cache cleared
2024-10-01 10:27:00 [warning] Service response time exceeded threshold
2024-10-01 10:28:00 [error] Payment gateway timeout
2024-10-01 10:29:00 [info] Backup completed
2024-10-01 10:30:00 [debug] System health check initiated
2024-10-01 10:31:00 [warning] Disk usage over 90%
2024-10-01 10:32:00 [error] File upload failed
2024-10-01 10:33:00 [info] User preferences saved
2024-10-01 10:34:00 [debug] Debugging user settings
2024-10-01 10:35:00 [warning] Session timeout approaching
2024-10-01 10:36:00 [error] Unable to process refund
2024-10-01 10:37:00 [info] User feedback received
2024-10-01 10:38:00 [debug] Analyzing user feedback
2024-10-01 10:39:00 [warning] API key nearing expiration
2024-10-01 10:40:00 [error] Unexpected error occurred
2024-10-01 10:41:00 [info] Application shutting down
